<?xml version="1.0" encoding="UTF-8"?>
<!-- Generated by org.testng.reporters.JUnitReportReporter -->
<testsuite hostname="LAPTOP-4M6LAJK0" failures="0" tests="1" name="Yahooscript.yahooreg" time="15.634" errors="0" timestamp="2021-04-24T22:23:37 EDT" skipped="0">
  <testcase classname="Yahooscript.yahooreg" name="yahooregscript" time="15.634"/>
  <system-out/>
</testsuite> <!-- Yahooscript.yahooreg -->
