<?xml version="1.0" encoding="UTF-8"?>
<!-- Generated by org.testng.reporters.JUnitReportReporter -->
<testsuite hostname="LAPTOP-4M6LAJK0" failures="0" tests="2" name="TestScripts.FbTotalScript" time="21.744" errors="0" timestamp="2021-04-23T22:34:59 EDT" skipped="0">
  <testcase classname="TestScripts.FbTotalScript" name="fblogin" time="10.484"/>
  <system-out/>
  <testcase classname="TestScripts.FbTotalScript" name="fbmyReg" time="11.260"/>
  <system-out/>
</testsuite> <!-- TestScripts.FbTotalScript -->
