<?xml version="1.0" encoding="UTF-8"?>
<!-- Generated by org.testng.reporters.JUnitReportReporter -->
<testsuite hostname="LAPTOP-4M6LAJK0" failures="0" tests="1" name="TestScripts.FbInstaSript" time="12.154" errors="0" timestamp="2021-04-24T18:52:02 EDT" skipped="0">
  <testcase classname="TestScripts.FbInstaSript" name="fbinsta" time="12.154"/>
  <system-out/>
</testsuite> <!-- TestScripts.FbInstaSript -->
