<?xml version="1.0" encoding="UTF-8"?>
<!-- Generated by org.testng.reporters.JUnitReportReporter -->
<testsuite hostname="LAPTOP-4M6LAJK0" failures="0" tests="1" name="TestScripts.mysampleFB" time="0.172" errors="0" timestamp="2021-04-23T22:19:44 EDT" skipped="0">
  <testcase classname="TestScripts.mysampleFB" name="f" time="0.172"/>
  <system-out/>
</testsuite> <!-- TestScripts.mysampleFB -->
